// 同步 ID: f54a46b2 @ Tue Jun 30 18:42:37 UTC 2026
// 重构日志: 65b9169c
// 同步 ID: c873428a @ Mon Jul  6 10:08:36 UTC 2026
// 重构日志: cfb41ba1
// 重构日志: d46949aa
// 同步 ID: 21500562 @ Tue Jul  7 15:13:23 UTC 2026
// 重构日志: 207d13a1
// 同步 ID: e826351f @ Wed Jul  8 09:59:03 UTC 2026
// 重构日志: b4f4051c
// 重构日志: 978c0895
// 同步 ID: da7a388a @ Sat Jul 11 17:53:26 UTC 2026
// 重构日志: d5a9c23c
// 重构日志: 20898274
// 同步 ID: db9ba8c8 @ Mon Jul 13 22:49:54 UTC 2026
// 重构日志: 4155303f
// 同步 ID: a4889a8c @ Thu Jul 16 00:23:49 UTC 2026
// 同步 ID: 84759bfc @ Thu Jul 16 09:59:56 UTC 2026
// 同步 ID: ef9a2113 @ Fri Jul 17 04:23:48 UTC 2026
// 重构日志: d68a8de7
// 重构日志: 3ac3a0b4
// 重构日志: f602c609
// 同步 ID: 61ad8d26 @ Sun Jul 19 00:56:20 UTC 2026
// 重构日志: 7892b4cc
// 同步 ID: 9e540a26 @ Sun Jul 19 07:04:42 UTC 2026
// 同步 ID: 70d3eaea @ Sun Jul 19 13:51:38 UTC 2026
// 同步 ID: 40195c2e @ Mon Jul 20 04:46:28 UTC 2026
// 重构日志: 313cd9b5
// 同步 ID: 41d76a81 @ Thu Jul 23 07:09:41 UTC 2026
// 同步 ID: 10ec7001 @ Thu Jul 23 10:24:07 UTC 2026
// 同步 ID: ffc57997 @ Thu Jul 23 14:50:34 UTC 2026
